INFO:root:2020-05-17 21:22:34.305622: Spam check: user "villanuevagina" sent spam message: "Place join budget join thought debate husband turn."
INFO:root:2020-05-17 21:22:34.579649: Spam check: user "villanuevagina" sent spam message: "He beautiful animal former my big follow traditional health crime apply economic."
INFO:root:2020-05-17 21:22:34.693943: Spam check: user "tammycortez" sent spam message: "Business full above seat world mission Mrs drive both determine name detail."
INFO:root:2020-05-17 21:22:34.704357: Spam check: user "tammycortez" sent spam message: "Both tree meeting note push else film role attack us back."
INFO:root:2020-05-17 21:22:34.929413: Spam check: user "tammycortez" sent spam message: "Matter you even do debate fund sister animal."
INFO:root:2020-05-17 21:22:35.149960: Spam check: user "villanuevagina" sent spam message: "Make hotel mention including require shake model woman job professional reveal last later."
INFO:root:2020-05-17 21:22:35.144608: Spam check: user "tammycortez" sent spam message: "Certain civil long opportunity exist son along realize."
INFO:root:2020-05-17 21:22:35.275306: Spam check: user "karenlindsey" sent spam message: "Suggest whom enter why miss laugh season crime item radio."
INFO:root:2020-05-17 21:22:35.264739: Spam check: user "andrew34" sent spam message: "Partner discuss field hospital than dream order less scientist box top business."
INFO:root:2020-05-17 21:22:35.527962: Spam check: user "tammycortez" sent spam message: "Do agree his plant politics pull rule."
INFO:root:2020-05-17 21:22:35.606449: Spam check: user "karenlindsey" sent spam message: "Best current final create candidate model pull."
INFO:root:2020-05-17 21:22:35.684411: Spam check: user "jacksonabigail" sent spam message: "Woman world trial successful student who open learn bill."
INFO:root:2020-05-17 21:22:35.793608: Spam check: user "villanuevagina" sent spam message: "Shoulder left resource half piece mission."
INFO:root:2020-05-17 21:22:35.851106: Spam check: user "karenlindsey" sent spam message: "Here PM ten general stand response popular economic street human free."
INFO:root:2020-05-17 21:22:35.934319: Spam check: user "tammycortez" sent spam message: "Yes until guess pass thing see visit thousand skill."
INFO:root:2020-05-17 21:22:35.996589: Spam check: user "andrew34" sent spam message: "Machine alone man even follow entire question remain mother."
INFO:root:2020-05-17 21:22:36.292802: Spam check: user "tammycortez" sent spam message: "Resource capital carry idea these Democrat front fear."
INFO:root:2020-05-17 21:22:36.406972: Spam check: user "karenlindsey" sent spam message: "Respond ago question hospital experience measure child final senior lose race thank goal."
INFO:root:2020-05-17 21:22:36.573113: Spam check: user "andrew34" sent spam message: "Discover laugh federal talk available it focus late."
INFO:root:2020-05-17 21:22:36.557517: Spam check: user "jacksonabigail" sent spam message: "Control idea seek them wife ever discover."
INFO:root:2020-05-17 21:22:36.635582: Spam check: user "tammycortez" sent spam message: "Tree forward guess like item give take."
INFO:root:2020-05-17 21:22:36.760763: Spam check: user "karenlindsey" sent spam message: "Size him though similar position our part pretty you believe recognize stage."
INFO:root:2020-05-17 21:22:36.999371: Spam check: user "andrew34" sent spam message: "Network remember place itself recent body institution they everything political feeling."
INFO:root:2020-05-17 21:22:37.095313: Log in: Log in successful. "test1" logged in

INFO:root:2020-05-17 21:22:37.088040: Spam check: user "villanuevagina" sent spam message: "Follow later these factor discover low."
INFO:root:2020-05-17 21:22:37.352635: Spam check: user "tammycortez" sent spam message: "Let any ask still town number six."
INFO:root:2020-05-17 21:22:37.477734: Spam check: user "karenlindsey" sent spam message: "Identify space official factor him wear coach any than decade establish."
INFO:root:2020-05-17 21:22:37.592812: Spam check: user "jacksonabigail" sent spam message: "Visit stay live pretty name news audience recognize tonight raise however toward."
INFO:root:2020-05-17 21:22:37.853494: Spam check: user "andrew34" sent spam message: "Bit for save hold country economic population sound trial meet leader."
INFO:root:2020-05-17 21:22:37.832447: Spam check: user "andrew34" sent spam message: "Turn fill name sound second factor current occur special."
INFO:root:2020-05-17 21:22:37.942784: Spam check: user "karenlindsey" sent spam message: "Risk act too buy now listen bar outside body."
INFO:root:2020-05-17 21:22:38.141282: Spam check: user "andrew34" sent spam message: "That collection require represent exist fear marriage build."
INFO:root:2020-05-17 21:22:38.265133: Log out: Log out successful. "test1" logged in

INFO:root:2020-05-17 21:22:38.470309: Spam check: user "andrew34" sent spam message: "Type leave gun society direction fall who whose rich out future main radio."
INFO:root:2020-05-17 21:22:38.604678: Spam check: user "karenlindsey" sent spam message: "Energy want position hotel wide work space."
INFO:root:2020-05-17 21:22:38.709209: Spam check: user "jacksonabigail" sent spam message: "Game must bag computer ever list responsibility however because civil subject learn side."
INFO:root:2020-05-17 21:22:38.719634: Spam check: user "tammycortez" sent spam message: "Keep least mean cover significant impact response south."
INFO:root:2020-05-17 21:22:38.881438: Spam check: user "villanuevagina" sent spam message: "Source fact art for son control catch actually whether."
INFO:root:2020-05-17 21:23:11.504597: Spam check: user "villanuevagina" sent spam message: "Pay movie idea while level field sea."
INFO:root:2020-05-17 21:23:11.541320: Spam check: user "karenlindsey" sent spam message: "Structure raise coach world go start democratic end series political."
INFO:root:2020-05-17 21:23:11.630232: Spam check: user "jacksonabigail" sent spam message: "Toward arm per maybe effort player executive TV win."
INFO:root:2020-05-17 21:23:11.640745: Spam check: user "andrew34" sent spam message: "South its establish too class environment head husband build college lot miss expert."
INFO:root:2020-05-17 21:23:11.662030: Spam check: user "jacksonabigail" sent spam message: "Find letter whose seem dinner century step until collection family."
INFO:root:2020-05-17 21:23:11.917343: Spam check: user "villanuevagina" sent spam message: "Include everything mind turn sing fast stock care weight already life."
INFO:root:2020-05-17 21:23:12.146319: Spam check: user "karenlindsey" sent spam message: "Because wonder power director tree fast thus either."
INFO:root:2020-05-17 21:23:12.162188: Spam check: user "andrew34" sent spam message: "Within television hard star girl all high really effect sign finish board."
INFO:root:2020-05-17 21:23:12.225112: Spam check: user "jacksonabigail" sent spam message: "Including cold theory mind argue even argue especially through from cut."
INFO:root:2020-05-17 21:23:12.278071: Spam check: user "villanuevagina" sent spam message: "Economic local suddenly himself political need social notice environmental purpose group style."
INFO:root:2020-05-17 21:23:12.314663: Spam check: user "jacksonabigail" sent spam message: "Data student officer page television suggest story your by do."
INFO:root:2020-05-17 21:23:12.413951: Spam check: user "andrew34" sent spam message: "Ask not explain back civil win good."
INFO:root:2020-05-17 21:23:12.476109: Spam check: user "jacksonabigail" sent spam message: "Dark those ground child indeed window game today marriage night or feel."
INFO:root:2020-05-17 21:23:12.678348: Spam check: user "jacksonabigail" sent spam message: "Us southern treatment product order next test medical guess practice born."
INFO:root:2020-05-17 21:23:12.881878: Spam check: user "karenlindsey" sent spam message: "Garden of certain sometimes seem among quality data."
INFO:root:2020-05-17 21:23:13.006814: Spam check: user "andrew34" sent spam message: "Serious plan bit foot painting least where degree body more travel into since."
INFO:root:2020-05-17 21:23:13.027865: Spam check: user "tammycortez" sent spam message: "Center picture space thought similar interview hold present affect."
INFO:root:2020-05-17 21:23:13.105767: Spam check: user "villanuevagina" sent spam message: "Treatment data hope music art point in plan work."
INFO:root:2020-05-17 21:23:13.193825: Spam check: user "karenlindsey" sent spam message: "Arrive hear wear heart person beautiful."
INFO:root:2020-05-17 21:23:13.329436: Spam check: user "tammycortez" sent spam message: "Hard organization take measure research action analysis toward police."
INFO:root:2020-05-17 21:23:13.497047: Spam check: user "karenlindsey" sent spam message: "Data than wind finally wife skin."
INFO:root:2020-05-17 21:23:13.554880: Spam check: user "tammycortez" sent spam message: "Social dinner most else matter everyone tend care bar."
INFO:root:2020-05-17 21:23:13.711361: Spam check: user "karenlindsey" sent spam message: "Example minute eye hard think since opportunity reduce."
INFO:root:2020-05-17 21:23:13.742461: Spam check: user "jacksonabigail" sent spam message: "Sister represent leg girl often almost more store tough movie local."
INFO:root:2020-05-17 21:23:13.863107: Spam check: user "tammycortez" sent spam message: "Show but unit spend offer maybe decade whole third husband property light laugh."
INFO:root:2020-05-17 21:23:13.967604: Spam check: user "villanuevagina" sent spam message: "Data person only commercial thought way notice."
INFO:root:2020-05-17 21:23:14.092389: Spam check: user "jacksonabigail" sent spam message: "Heavy less buy hotel ready knowledge through."
INFO:root:2020-05-17 21:23:14.238134: Spam check: user "villanuevagina" sent spam message: "Phone PM law treatment front cost."
INFO:root:2020-05-17 21:23:14.378366: Spam check: user "jacksonabigail" sent spam message: "Study feel a station prepare head now across tonight against identify relationship."
INFO:root:2020-05-17 21:23:14.430965: Spam check: user "karenlindsey" sent spam message: "Paper oil guess dark rest pick whose bag whole spend."
INFO:root:2020-05-17 21:23:14.483263: Spam check: user "jacksonabigail" sent spam message: "Down by still strong reveal operation toward cup."
INFO:root:2020-05-17 21:23:14.593327: Spam check: user "andrew34" sent spam message: "Much grow learn top he fall six remember thank perform."
INFO:root:2020-05-17 21:23:14.666463: Spam check: user "tammycortez" sent spam message: "Subject deal Mr become job design tell east might."
INFO:root:2020-05-17 21:23:14.807309: Spam check: user "jacksonabigail" sent spam message: "Serve report born already action drug ground ago direction huge rest."
INFO:root:2020-05-17 21:23:14.958445: Spam check: user "andrew34" sent spam message: "At son building great mission course quite perhaps way science adult source different."
INFO:root:2020-05-17 21:23:15.052593: Spam check: user "villanuevagina" sent spam message: "Sure generation matter per road day."
INFO:root:2020-05-17 21:23:15.260334: Spam check: user "karenlindsey" sent spam message: "Page car compare eight international raise positive our."
INFO:root:2020-05-17 21:23:15.275856: Spam check: user "tammycortez" sent spam message: "In star memory positive main agent beautiful drug style action physical where everything."
INFO:root:2020-05-17 21:23:15.339937: Spam check: user "andrew34" sent spam message: "Claim available Democrat book carry ball test have woman they feeling two then."
INFO:root:2020-05-17 21:23:15.429014: Spam check: user "jacksonabigail" sent spam message: "Often western law consider boy wonder race study clearly unit act although."
INFO:root:2020-05-17 21:23:15.496670: Spam check: user "karenlindsey" sent spam message: "The position figure do situation high."
INFO:root:2020-05-17 21:23:15.563771: Spam check: user "tammycortez" sent spam message: "Question accept turn south answer close degree president science career account."
INFO:root:2020-05-17 21:23:15.699092: Spam check: user "andrew34" sent spam message: "Enough process fear everything chair even billion respond financial."
INFO:root:2020-05-17 21:23:15.704342: Spam check: user "villanuevagina" sent spam message: "Five clear choose able can have name might better stage community role ball."
INFO:root:2020-05-17 21:23:15.719984: Spam check: user "andrew34" sent spam message: "Benefit member with deal store point some responsibility."
INFO:root:2020-05-17 21:23:15.835038: Spam check: user "jacksonabigail" sent spam message: "Example at last court benefit guess should staff east effect."
INFO:root:2020-05-17 21:23:15.955623: Spam check: user "karenlindsey" sent spam message: "Administration approach hospital question become few study he statement let officer."
INFO:root:2020-05-17 21:23:15.960821: Spam check: user "andrew34" sent spam message: "Listen majority person mother and concern."
INFO:root:2020-05-17 21:23:16.465852: Log in: Log in successful. "test2" logged in

INFO:root:2020-05-17 21:23:16.455064: Spam check: user "karenlindsey" sent spam message: "Remain personal would rest feel prepare group."
INFO:root:2020-05-17 21:23:16.460348: Spam check: user "jacksonabigail" sent spam message: "Life discuss generation successful participant thing."
INFO:root:2020-05-17 21:23:16.585014: Spam check: user "andrew34" sent spam message: "How news organization data year black minute serious idea trade."
INFO:root:2020-05-17 21:23:16.735243: Spam check: user "tammycortez" sent spam message: "Memory star not name team control clear visit person your tax."
INFO:root:2020-05-17 21:23:16.886680: Spam check: user "tammycortez" sent spam message: "Whatever different exactly as happen item stage."
INFO:root:2020-05-17 21:23:16.928203: Spam check: user "karenlindsey" sent spam message: "Consider along smile success example data budget what song third tough try."
INFO:root:2020-05-17 21:23:17.031590: Spam check: user "jacksonabigail" sent spam message: "North contain window family give road bit base group."
INFO:root:2020-05-17 21:23:17.134665: Spam check: user "tammycortez" sent spam message: "Wide player threat light always explain miss happy interest line mission."
INFO:root:2020-05-17 21:23:17.202260: Spam check: user "jacksonabigail" sent spam message: "Case floor ask catch in pretty school defense break assume move science."
INFO:root:2020-05-17 21:23:17.462094: Spam check: user "tammycortez" sent spam message: "General generation team them with hope lot baby customer industry."
INFO:root:2020-05-17 21:23:17.529448: Spam check: user "jacksonabigail" sent spam message: "Move positive serve station least concern understand nice."
INFO:root:2020-05-17 21:23:17.727258: Spam check: user "tammycortez" sent spam message: "Fight fall blood face culture true page cause father garden election lose."
INFO:root:2020-05-17 21:23:17.800908: Spam check: user "jacksonabigail" sent spam message: "Beyond customer many computer maintain laugh year want produce."
INFO:root:2020-05-17 21:23:17.940478: Spam check: user "karenlindsey" sent spam message: "Art east long walk customer avoid anyone quality property."
INFO:root:2020-05-17 21:23:17.961219: Spam check: user "villanuevagina" sent spam message: "Apply company rise event story protect form rise."
INFO:root:2020-05-17 21:23:18.088853: Spam check: user "villanuevagina" sent spam message: "Try artist then try too interest them room term game."
INFO:root:2020-05-17 21:23:18.455317: Spam check: user "villanuevagina" sent spam message: "Result close away raise this face something through owner provide rather."
INFO:root:2020-05-17 21:23:18.502606: Spam check: user "jacksonabigail" sent spam message: "Keep deal skin item budget TV require probably know."
INFO:root:2020-05-17 21:23:18.855787: Spam check: user "tammycortez" sent spam message: "How down commercial hold dark doctor themselves cause throughout watch."
INFO:root:2020-05-17 21:23:19.168771: Spam check: user "tammycortez" sent spam message: "By much tree within machine similar itself."
INFO:root:2020-05-17 21:23:19.273396: Spam check: user "andrew34" sent spam message: "Country peace detail same red but remain plant which special set yeah western."
INFO:root:2020-05-17 21:23:19.304991: Spam check: user "jacksonabigail" sent spam message: "Establish personal why statement officer floor quickly reduce."
INFO:root:2020-05-17 21:23:19.533859: Spam check: user "andrew34" sent spam message: "Identify maintain like floor far realize right national fight relationship."
INFO:root:2020-05-17 21:23:19.715559: Spam check: user "tammycortez" sent spam message: "Mention standard draw offer cultural realize."
INFO:root:2020-05-17 21:23:19.694651: Spam check: user "karenlindsey" sent spam message: "Nor media happy church natural raise modern key follow."
INFO:root:2020-05-17 21:23:19.949569: Spam check: user "jacksonabigail" sent spam message: "Free money remember concern structure first this within rock not."
INFO:root:2020-05-17 21:23:20.053732: Spam check: user "tammycortez" sent spam message: "Positive receive material half out authority anything pull home have letter."
INFO:root:2020-05-17 21:23:20.105658: Spam check: user "karenlindsey" sent spam message: "Spend age learn write lead watch audience view nothing their minute off ball fine."
INFO:root:2020-05-17 21:23:20.158666: Spam check: user "jacksonabigail" sent spam message: "Alone choice behavior attack detail set impact."
INFO:root:2020-05-17 21:23:20.252961: Spam check: user "villanuevagina" sent spam message: "Always recently eat pull enjoy accept three nature establish nearly."
INFO:root:2020-05-17 21:23:20.247459: Spam check: user "villanuevagina" sent spam message: "Notice wife realize recently movie term address letter sense store."
INFO:root:2020-05-17 21:23:20.291280: Spam check: user "villanuevagina" sent spam message: "Economy walk account take person bed religious meet."
INFO:root:2020-05-17 21:23:20.359496: Spam check: user "karenlindsey" sent spam message: "Else reveal attention see cell know ability especially account describe."
INFO:root:2020-05-17 21:23:20.442652: Spam check: user "tammycortez" sent spam message: "Away face film success special why into."
INFO:root:2020-05-17 21:23:20.458219: Spam check: user "andrew34" sent spam message: "Sign response about feel fly or."
INFO:root:2020-05-17 21:23:20.713855: Spam check: user "villanuevagina" sent spam message: "Mission traditional question television trade father discuss difficult."
INFO:root:2020-05-17 21:23:20.703464: Spam check: user "tammycortez" sent spam message: "Open exist generation fast off establish."
INFO:root:2020-05-17 21:23:20.885323: Spam check: user "villanuevagina" sent spam message: "Sound power discover guess past front wear huge attention visit away night."
INFO:root:2020-05-17 21:23:20.874951: Spam check: user "jacksonabigail" sent spam message: "Environmental five him often seat relationship who talk."
INFO:root:2020-05-17 21:23:20.953728: Spam check: user "tammycortez" sent spam message: "Church begin among artist defense threat idea special seek."
INFO:root:2020-05-17 21:23:21.052074: Spam check: user "villanuevagina" sent spam message: "Term analysis require industry live matter pull cell expert information."
INFO:root:2020-05-17 21:23:21.083171: Spam check: user "jacksonabigail" sent spam message: "Each low site soldier base agreement both office expect we."
INFO:root:2020-05-17 21:23:21.135346: Spam check: user "karenlindsey" sent spam message: "Visit strong message thus these later analysis off."
INFO:root:2020-05-17 21:23:21.244531: Spam check: user "villanuevagina" sent spam message: "Fill protect local most record special low level movie nature figure national keep."
INFO:root:2020-05-17 21:23:21.291247: Spam check: user "jacksonabigail" sent spam message: "At American capital stay word yard loss condition explain help dinner season."
INFO:root:2020-05-17 21:23:21.364660: Spam check: user "andrew34" sent spam message: "Accept finish success long door thing her both bag side."
INFO:root:2020-05-17 21:23:21.364814: Spam check: user "jacksonabigail" sent spam message: "More when arm body year tell we break federal meet city recent."
INFO:root:2020-05-17 21:23:21.375277: Spam check: user "villanuevagina" sent spam message: "Brother statement after Mrs behavior claim land girl tonight both catch project pass."
INFO:root:2020-05-17 21:23:21.521372: Spam check: user "karenlindsey" sent spam message: "Mean plant since international image first."
INFO:root:2020-05-17 21:23:21.599530: Spam check: user "jacksonabigail" sent spam message: "Effort partner expert present individual very social article plant image myself."
INFO:root:2020-05-17 21:23:21.651908: Spam check: user "andrew34" sent spam message: "Happen hotel magazine concern man or line anyone produce."
INFO:root:2020-05-17 21:23:21.740875: Spam check: user "tammycortez" sent spam message: "Third campaign hope language office order certainly dark she Mrs."
INFO:root:2020-05-17 21:23:21.838983: Spam check: user "villanuevagina" sent spam message: "Hard discuss else sure wait sport capital establish."
INFO:root:2020-05-17 21:23:21.911871: Spam check: user "andrew34" sent spam message: "Half traditional brother see guess or imagine consumer professional."
INFO:root:2020-05-17 21:23:21.969084: Spam check: user "jacksonabigail" sent spam message: "Right can between fear land worry billion street."
INFO:root:2020-05-17 21:23:22.187161: Spam check: user "villanuevagina" sent spam message: "Adult tell people four ahead anything you happen."
INFO:root:2020-05-17 21:23:22.264998: Spam check: user "jacksonabigail" sent spam message: "Agree bed fear movement be member job kitchen stage try thing suffer blue."
INFO:root:2020-05-17 21:23:22.364241: Spam check: user "tammycortez" sent spam message: "End lay bill determine community cut away."
INFO:root:2020-05-17 21:23:22.332961: Spam check: user "villanuevagina" sent spam message: "Sort defense while marriage large find and."
INFO:root:2020-05-17 21:23:22.552318: Spam check: user "karenlindsey" sent spam message: "Occur like edge about medical different per."
INFO:root:2020-05-17 21:23:22.630731: Spam check: user "jacksonabigail" sent spam message: "Answer summer eye do girl push cost yard."
INFO:root:2020-05-17 21:23:22.791754: Spam check: user "karenlindsey" sent spam message: "Compare light century assume pick over hear right course international tough edge white."
INFO:root:2020-05-17 21:23:22.885406: Spam check: user "villanuevagina" sent spam message: "Today use avoid night individual top because."
INFO:root:2020-05-17 21:23:23.248525: Spam check: user "villanuevagina" sent spam message: "Debate learn check poor production behavior resource station town rate probably."
INFO:root:2020-05-17 21:23:23.383849: Spam check: user "tammycortez" sent spam message: "Officer region Democrat drug tax red those put."
INFO:root:2020-05-17 21:23:23.658668: Spam check: user "jacksonabigail" sent spam message: "And case sign image his something cover scientist art."
INFO:root:2020-05-17 21:23:23.669158: Spam check: user "andrew34" sent spam message: "Central peace poor rather guy discuss billion give."
INFO:root:2020-05-17 21:23:23.710968: Spam check: user "karenlindsey" sent spam message: "Trial goal bank successful road during language."
INFO:root:2020-05-17 21:23:23.810267: Spam check: user "andrew34" sent spam message: "Customer world rule make realize will must rather huge too ability garden."
INFO:root:2020-05-17 21:23:23.905811: Spam check: user "villanuevagina" sent spam message: "Stand hope face start himself discuss."
INFO:root:2020-05-17 21:23:24.197578: Spam check: user "villanuevagina" sent spam message: "Executive middle what hospital too certainly culture third type general ask."
INFO:root:2020-05-17 21:23:24.515041: Spam check: user "karenlindsey" sent spam message: "Town executive let little defense recently a early represent until agency detail."
INFO:root:2020-05-17 21:23:24.566673: Spam check: user "jacksonabigail" sent spam message: "Show take brother trial democratic address media close family whatever."
INFO:root:2020-05-17 21:23:24.739030: Spam check: user "jacksonabigail" sent spam message: "Part upon the million remain eye partner where threat yet true be reach."
INFO:root:2020-05-17 21:23:24.765277: Spam check: user "jacksonabigail" sent spam message: "On stay can along heart exactly popular benefit amount base."
INFO:root:2020-05-17 21:23:24.936984: Spam check: user "andrew34" sent spam message: "Address weight through show sometimes PM bank."
INFO:root:2020-05-17 21:23:24.973902: Spam check: user "jacksonabigail" sent spam message: "Reflect pass analysis clear deal fine rest support experience agree discover."
INFO:root:2020-05-17 21:23:25.010293: Spam check: user "tammycortez" sent spam message: "Itself head minute reveal those go myself service focus religious."
INFO:root:2020-05-17 21:23:25.165879: Spam check: user "andrew34" sent spam message: "Fast school early leader town focus."
INFO:root:2020-05-17 21:23:25.207220: Spam check: user "karenlindsey" sent spam message: "Dinner project food middle collection be day time film Mrs."
INFO:root:2020-05-17 21:23:25.368706: Spam check: user "jacksonabigail" sent spam message: "Time camera drive appear great tonight offer in however citizen modern consider."
INFO:root:2020-05-17 21:23:25.451606: Spam check: user "andrew34" sent spam message: "Station physical her common watch great."
INFO:root:2020-05-17 21:23:25.637184: Spam check: user "andrew34" sent spam message: "Name into cup he decade statement local decade field happy nearly."
INFO:root:2020-05-17 21:23:25.740378: Spam check: user "tammycortez" sent spam message: "Hair factor eat she else candidate treatment finish center main form much sign."
INFO:root:2020-05-17 21:23:25.735159: Spam check: user "karenlindsey" sent spam message: "Yard particular say sign certain space themselves identify which bank simple others issue."
INFO:root:2020-05-17 21:23:25.848677: Spam check: user "jacksonabigail" sent spam message: "Run ok first weight open though behind take fly."
INFO:root:2020-05-17 21:23:25.941376: Spam check: user "tammycortez" sent spam message: "Project south trial director public foot blood lose step guess law perhaps."
INFO:root:2020-05-17 21:23:26.034157: Spam check: user "jacksonabigail" sent spam message: "High dream until president family body rise."
INFO:root:2020-05-17 21:23:26.044637: Spam check: user "villanuevagina" sent spam message: "Cultural manager agency increase manage find maybe."
INFO:root:2020-05-17 21:23:26.503157: Spam check: user "tammycortez" sent spam message: "Significant bad talk whatever Mr respond available expert."
INFO:root:2020-05-17 21:23:26.549823: Spam check: user "jacksonabigail" sent spam message: "Hear need tonight shoulder buy still draw production degree."
INFO:root:2020-05-17 21:23:26.694606: Spam check: user "karenlindsey" sent spam message: "Surface store property service painting trial amount late."
INFO:root:2020-05-17 21:23:26.875988: Spam check: user "karenlindsey" sent spam message: "Certainly computer our than eye kitchen."
INFO:root:2020-05-17 21:23:27.052519: Spam check: user "jacksonabigail" sent spam message: "Away field everybody standard eat politics."
INFO:root:2020-05-17 21:23:27.291621: Spam check: user "tammycortez" sent spam message: "Site majority debate series identify must."
INFO:root:2020-05-17 21:23:27.250020: Spam check: user "jacksonabigail" sent spam message: "Military vote green kind care front case value bad media."
INFO:root:2020-05-17 21:23:27.416164: Spam check: user "karenlindsey" sent spam message: "Half happen old guess kind economic."
INFO:root:2020-05-17 21:23:27.426465: Spam check: user "jacksonabigail" sent spam message: "Feeling model anything among security despite protect born year successful her."
INFO:root:2020-05-17 21:23:27.758273: Spam check: user "villanuevagina" sent spam message: "Finally can day four treatment hand set prepare true building son."
INFO:root:2020-05-17 21:23:27.841526: Spam check: user "tammycortez" sent spam message: "Lot talk history project likely want."
INFO:root:2020-05-17 21:23:27.924772: Spam check: user "karenlindsey" sent spam message: "Believe discuss week system answer last."
INFO:root:2020-05-17 21:23:28.148486: Spam check: user "karenlindsey" sent spam message: "Yard impact whom major citizen past card young miss."
INFO:root:2020-05-17 21:23:28.148269: Spam check: user "tammycortez" sent spam message: "Present control different win process author follow home administration five husband talk out want."
INFO:root:2020-05-17 21:23:28.263317: Spam check: user "jacksonabigail" sent spam message: "That read budget form former improve she reveal."
INFO:root:2020-05-17 21:23:28.331088: Spam check: user "villanuevagina" sent spam message: "Company maintain arm instead take seem energy."
INFO:root:2020-05-17 21:23:28.455898: Spam check: user "villanuevagina" sent spam message: "Light call important fall appear area before."
INFO:root:2020-05-17 21:23:28.761110: Spam check: user "villanuevagina" sent spam message: "Threat gas place pass game couple wonder try."
INFO:root:2020-05-17 21:23:28.958610: Spam check: user "tammycortez" sent spam message: "Director miss everything majority personal ball call brother sort add special state."
INFO:root:2020-05-17 21:23:29.109123: Spam check: user "andrew34" sent spam message: "Someone performance carry score particular prevent fly rock customer even bring according high."
INFO:root:2020-05-17 21:23:29.265470: Spam check: user "karenlindsey" sent spam message: "Home before throughout hair which concern this education much it."
INFO:root:2020-05-17 21:23:29.515328: Spam check: user "jacksonabigail" sent spam message: "Hard opportunity hold will operation kind case hit who mention tend."
INFO:root:2020-05-17 21:23:29.531140: Spam check: user "villanuevagina" sent spam message: "Likely doctor huge measure describe among close probably office type."
INFO:root:2020-05-17 21:23:29.520680: Spam check: user "karenlindsey" sent spam message: "Part environmental without three out there campaign this until foreign."
INFO:root:2020-05-17 21:23:29.682865: Spam check: user "karenlindsey" sent spam message: "Total consumer clear partner series author more significant feeling."
INFO:root:2020-05-17 21:23:29.865358: Spam check: user "tammycortez" sent spam message: "Blue good decision particular people wind foreign general certainly security environmental charge major."
INFO:root:2020-05-17 21:23:30.072682: Spam check: user "andrew34" sent spam message: "Yes just commercial summer style entire out specific for glass him."
INFO:root:2020-05-17 21:23:30.041661: Spam check: user "karenlindsey" sent spam message: "Pull back risk imagine between key free kid simply difference her become."
INFO:root:2020-05-17 21:23:30.229175: Spam check: user "karenlindsey" sent spam message: "Film thus small civil scientist along card inside compare attorney almost security."
INFO:root:2020-05-17 21:23:30.239548: Spam check: user "jacksonabigail" sent spam message: "Catch compare pull expert of force determine goal discussion."
INFO:root:2020-05-17 21:23:30.354129: Spam check: user "tammycortez" sent spam message: "Opportunity then just the deep what performance sign design often food at."
INFO:root:2020-05-17 21:23:30.531186: Spam check: user "tammycortez" sent spam message: "Next theory owner western way soon always ability really audience wall western."
INFO:root:2020-05-17 21:23:30.692356: Spam check: user "andrew34" sent spam message: "Career production summer at even finish."
INFO:root:2020-05-17 21:23:30.707893: Spam check: user "karenlindsey" sent spam message: "Challenge fill energy spring edge late put would challenge."
INFO:root:2020-05-17 21:23:30.900716: Spam check: user "andrew34" sent spam message: "People of data none run example parent lot cup explain."
INFO:root:2020-05-17 21:23:30.988758: Spam check: user "karenlindsey" sent spam message: "Draw couple school degree someone either may future laugh."
INFO:root:2020-05-17 21:23:31.228174: Spam check: user "villanuevagina" sent spam message: "Prepare however who church major possible new practice throw pick start respond above."
INFO:root:2020-05-17 21:23:31.378483: Spam check: user "tammycortez" sent spam message: "Community seven sit couple reality often indeed happen hot military heart."
INFO:root:2020-05-17 21:23:31.476592: Spam check: user "andrew34" sent spam message: "Eat window read well smile person."
INFO:root:2020-05-17 21:23:31.600964: Spam check: user "villanuevagina" sent spam message: "Lot writer there front firm participant natural ball."
INFO:root:2020-05-17 21:23:31.782545: Spam check: user "tammycortez" sent spam message: "Later suggest property myself spring couple food school much we agree."
INFO:root:2020-05-17 21:23:31.844914: Spam check: user "andrew34" sent spam message: "Account various concern teach appear data six out here."
INFO:root:2020-05-17 21:23:31.939623: Spam check: user "karenlindsey" sent spam message: "Thus hundred catch main company one large himself population ago."
INFO:root:2020-05-17 21:23:32.024010: Spam check: user "tammycortez" sent spam message: "Within feeling paper however box above pick."
INFO:root:2020-05-17 21:23:32.138636: Spam check: user "tammycortez" sent spam message: "Join product none let maintain situation president what enter Congress style."
INFO:root:2020-05-17 21:23:32.320728: Spam check: user "villanuevagina" sent spam message: "But theory attention assume assume evening environment occur again guess car medical."
INFO:root:2020-05-17 21:23:32.398633: Spam check: user "andrew34" sent spam message: "Firm good rich hit meet throw dinner note wind whose."
INFO:root:2020-05-17 21:23:32.513072: Spam check: user "karenlindsey" sent spam message: "Coach product student shoulder cultural high happy yard."
INFO:root:2020-05-17 21:23:32.715609: Spam check: user "karenlindsey" sent spam message: "Goal approach phone factor beautiful race or sing must foot section station specific."
INFO:root:2020-05-17 21:23:32.871459: Spam check: user "jacksonabigail" sent spam message: "Third yard summer address east one capital really enough effect check rich other style."
INFO:root:2020-05-17 21:23:32.939092: Spam check: user "andrew34" sent spam message: "Option describe store analysis what fact arm loss suffer wall risk north."
INFO:root:2020-05-17 21:23:33.153907: Spam check: user "jacksonabigail" sent spam message: "Issue single defense here population and challenge wife."
INFO:root:2020-05-17 21:23:33.501424: Spam check: user "karenlindsey" sent spam message: "Herself rate those yet him financial argue talk as score help student number memory."
INFO:root:2020-05-17 21:23:33.584666: Spam check: user "villanuevagina" sent spam message: "She chair feel spring item season line research between."
INFO:root:2020-05-17 21:23:33.606018: Spam check: user "andrew34" sent spam message: "Teach manager ahead role reality unit focus several remember start majority same."
INFO:root:2020-05-17 21:23:33.830263: Spam check: user "jacksonabigail" sent spam message: "Risk time artist agency commercial also policy another career."
INFO:root:2020-05-17 21:23:34.002126: Spam check: user "andrew34" sent spam message: "There cause consumer when none run case with there thing."
INFO:root:2020-05-17 21:23:34.043490: Spam check: user "jacksonabigail" sent spam message: "True investment hotel true sign personal continue right well majority support head bad."
INFO:root:2020-05-17 21:23:34.152837: Spam check: user "villanuevagina" sent spam message: "Feeling find hard by describe become event big add."
INFO:root:2020-05-17 21:23:34.190123: Spam check: user "villanuevagina" sent spam message: "Purpose hotel year guess plant to respond go including tax sound."
INFO:root:2020-05-17 21:23:34.206481: Spam check: user "karenlindsey" sent spam message: "Economic meet free young other start."
INFO:root:2020-05-17 21:23:34.394899: Spam check: user "villanuevagina" sent spam message: "Meet debate shake character go within discover maybe."
INFO:root:2020-05-17 21:23:34.499096: Spam check: user "karenlindsey" sent spam message: "Say size suddenly policy true before history."
INFO:root:2020-05-17 21:23:34.514853: Spam check: user "villanuevagina" sent spam message: "Nature mind lawyer black which bring network law stage."
INFO:root:2020-05-17 21:23:34.912615: Spam check: user "tammycortez" sent spam message: "Test interview fall rock will ask arm."
INFO:root:2020-05-17 21:23:35.210141: Spam check: user "tammycortez" sent spam message: "Hospital dog mouth would shake security subject senior blood budget."
INFO:root:2020-05-17 21:23:35.221186: Spam check: user "villanuevagina" sent spam message: "Treat begin oil Mr will attention method."
INFO:root:2020-05-17 21:23:35.313832: Spam check: user "villanuevagina" sent spam message: "Data somebody western charge single star check science central."
INFO:root:2020-05-17 21:23:35.344966: Spam check: user "jacksonabigail" sent spam message: "West popular former section other already tonight she."
INFO:root:2020-05-17 21:23:35.594512: Spam check: user "villanuevagina" sent spam message: "Second born reach such if dog federal full state hospital president himself reveal apply."
INFO:root:2020-05-17 21:23:35.625948: Spam check: user "andrew34" sent spam message: "Physical nothing open traditional not begin as by blue white phone customer."
INFO:root:2020-05-17 21:23:35.760929: Spam check: user "tammycortez" sent spam message: "Follow no kitchen or these behind probably raise dream black source."
INFO:root:2020-05-17 21:23:35.766261: Spam check: user "jacksonabigail" sent spam message: "Although choose account but radio our way spend."
INFO:root:2020-05-17 21:23:35.901406: Spam check: user "karenlindsey" sent spam message: "Main my bank list lose site number reveal certain."
INFO:root:2020-05-17 21:23:35.938048: Spam check: user "jacksonabigail" sent spam message: "She home member make time try start."
INFO:root:2020-05-17 21:23:36.026324: Spam check: user "andrew34" sent spam message: "Piece wall time and too address end."
INFO:root:2020-05-17 21:23:36.067914: Spam check: user "villanuevagina" sent spam message: "Account little cause yet Congress hour her culture research address responsibility."
INFO:root:2020-05-17 21:23:36.182147: Spam check: user "jacksonabigail" sent spam message: "Nice key measure remain huge best safe."
INFO:root:2020-05-17 21:23:36.379531: Spam check: user "karenlindsey" sent spam message: "Rich about because stand decade then not break tonight day body."
INFO:root:2020-05-17 21:23:36.390176: Spam check: user "villanuevagina" sent spam message: "Adult only action unit character follow suddenly easy black opportunity."
INFO:root:2020-05-17 21:23:36.530472: Spam check: user "jacksonabigail" sent spam message: "Increase candidate write kitchen direction him also forward mind."
INFO:root:2020-05-17 21:23:36.639632: Spam check: user "tammycortez" sent spam message: "Role their picture land experience writer record."
INFO:root:2020-05-17 21:23:36.753619: Spam check: user "villanuevagina" sent spam message: "Major name collection scientist nor movie mention husband tend occur reduce side."
INFO:root:2020-05-17 21:23:36.909221: Spam check: user "tammycortez" sent spam message: "Trial large industry health front develop always face."
INFO:root:2020-05-17 21:23:36.950687: Spam check: user "jacksonabigail" sent spam message: "Range military else two six cost upon could let foreign."
INFO:root:2020-05-17 21:23:37.108426: Spam check: user "karenlindsey" sent spam message: "Claim begin management believe hand body lawyer clearly."
INFO:root:2020-05-17 21:23:37.155034: Spam check: user "tammycortez" sent spam message: "Front vote visit must book study dog all participant interview special huge budget."
INFO:root:2020-05-17 21:23:37.295230: Spam check: user "jacksonabigail" sent spam message: "Fine site production find world study book to."
INFO:root:2020-05-17 21:23:37.352883: Spam check: user "jacksonabigail" sent spam message: "Card during remain ground open picture Mrs role."
INFO:root:2020-05-17 21:23:37.384761: Spam check: user "andrew34" sent spam message: "Black course send allow deep hold meeting election daughter."
INFO:root:2020-05-17 21:23:37.411560: Spam check: user "tammycortez" sent spam message: "Marriage candidate he animal southern low."
INFO:root:2020-05-17 21:23:37.574058: Spam check: user "villanuevagina" sent spam message: "Office participant stand local difference back mean."
INFO:root:2020-05-17 21:23:37.723536: Spam check: user "tammycortez" sent spam message: "Suffer central create head establish tell various beyond court face father decade establish trip."
INFO:root:2020-05-17 21:23:37.759646: Spam check: user "karenlindsey" sent spam message: "Message fall add thought they else agency effort these responsibility thank."
INFO:root:2020-05-17 21:23:37.873380: Spam check: user "andrew34" sent spam message: "Positive team dream international receive country capital late movie way wonder pretty."
INFO:root:2020-05-17 21:23:37.878740: Spam check: user "jacksonabigail" sent spam message: "Certainly thus human central manager build."
INFO:root:2020-05-17 21:23:38.034546: Spam check: user "villanuevagina" sent spam message: "Talk sound movie always white president fish likely minute."
INFO:root:2020-05-17 21:23:38.327600: Spam check: user "jacksonabigail" sent spam message: "News early stuff range support feeling."
INFO:root:2020-05-17 21:23:38.478011: Spam check: user "tammycortez" sent spam message: "Prepare account at manager financial decade difficult play media someone here research."
INFO:root:2020-05-17 21:23:38.577380: Spam check: user "karenlindsey" sent spam message: "Story politics tend right less base quite stay result product word join certain."
INFO:root:2020-05-17 21:23:38.916400: Spam check: user "tammycortez" sent spam message: "Hold coach certainly hard great early page describe girl free car forget."
INFO:root:2020-05-17 21:23:39.134797: Spam check: user "andrew34" sent spam message: "Economy later such paper spend agree trade national affect oil."
INFO:root:2020-05-17 21:23:39.249625: Spam check: user "tammycortez" sent spam message: "Order cause less compare agency successful general space figure management."
INFO:root:2020-05-17 21:23:39.317200: Spam check: user "andrew34" sent spam message: "Right their sound at public itself still mention while bring officer."
INFO:root:2020-05-17 21:23:39.374901: Spam check: user "villanuevagina" sent spam message: "Beat station figure Congress become sometimes also help."
INFO:root:2020-05-17 21:23:39.595653: Spam check: user "villanuevagina" sent spam message: "Campaign rich customer seat toward various rate perform material respond receive president light."
INFO:root:2020-05-17 21:23:39.797048: Spam check: user "andrew34" sent spam message: "Three trouble woman success product call mind role painting shoulder action."
INFO:root:2020-05-17 21:23:39.828859: Spam check: user "jacksonabigail" sent spam message: "Blue nor job message huge style gas fine education increase both."
INFO:root:2020-05-17 21:23:40.313799: Spam check: user "tammycortez" sent spam message: "Increase government read within nice different during medical others of environmental important throughout."
INFO:root:2020-05-17 21:23:40.469946: Spam check: user "karenlindsey" sent spam message: "House number teach body throw effect speech arm."
INFO:root:2020-05-17 21:23:40.611759: Spam check: user "tammycortez" sent spam message: "Table against heart government back stuff play mission cover."
INFO:root:2020-05-17 21:23:40.961376: Spam check: user "tammycortez" sent spam message: "Economic rock debate among generation how number staff."
INFO:root:2020-05-17 21:23:40.971789: Spam check: user "karenlindsey" sent spam message: "Check bank fact work recently industry step eat former hour budget."
INFO:root:2020-05-17 21:23:41.303912: Spam check: user "jacksonabigail" sent spam message: "Change language half to report goal southern."
INFO:root:2020-05-17 21:23:41.298702: Spam check: user "tammycortez" sent spam message: "Know worry those deep exist term."
INFO:root:2020-05-17 21:23:41.408493: Spam check: user "villanuevagina" sent spam message: "So hope focus soon pass young hold share whatever small tell yet couple."
INFO:root:2020-05-17 21:23:41.684620: Spam check: user "jacksonabigail" sent spam message: "Media area though form now trial traditional."
INFO:root:2020-05-17 21:23:41.924344: Spam check: user "karenlindsey" sent spam message: "On sell response after without sure consider include new PM."
INFO:root:2020-05-17 21:23:42.063662: Spam check: user "tammycortez" sent spam message: "Military beyond all news measure success oil."
INFO:root:2020-05-17 21:23:42.084577: Spam check: user "andrew34" sent spam message: "Someone development speak fire general sing."
INFO:root:2020-05-17 21:23:42.168959: Spam check: user "villanuevagina" sent spam message: "Take early center development beautiful late."
INFO:root:2020-05-17 21:23:42.169730: Spam check: user "jacksonabigail" sent spam message: "Pass our inside home across trial film mean."
INFO:root:2020-05-17 21:23:42.320720: Spam check: user "karenlindsey" sent spam message: "Tough physical subject stuff its his night get wait decision either break risk."
INFO:root:2020-05-17 21:23:42.414843: Spam check: user "tammycortez" sent spam message: "What hit great put culture hundred perform call late method face box."
INFO:root:2020-05-17 21:23:42.425356: Spam check: user "andrew34" sent spam message: "Upon country yourself seven beat try."
INFO:root:2020-05-17 21:23:42.576165: Spam check: user "jacksonabigail" sent spam message: "Task style hotel open yet cover arm rest nothing."
INFO:root:2020-05-17 21:23:42.685674: Spam check: user "karenlindsey" sent spam message: "Drive run apply appear indicate not eat if fast culture."
INFO:root:2020-05-17 21:23:43.039254: Spam check: user "karenlindsey" sent spam message: "Management single even last that memory simply."
INFO:root:2020-05-17 21:23:43.054738: Spam check: user "jacksonabigail" sent spam message: "Act before line direction blood maintain move doctor new group walk."
INFO:root:2020-05-17 21:23:43.159198: Spam check: user "tammycortez" sent spam message: "Leave day community this thus suffer voice size."
INFO:root:2020-05-17 21:23:43.257803: Spam check: user "andrew34" sent spam message: "Other resource energy movie group during unit its."
INFO:root:2020-05-17 21:23:43.450405: Spam check: user "karenlindsey" sent spam message: "Set local poor local that thousand charge school need together."
INFO:root:2020-05-17 21:23:43.486766: Spam check: user "tammycortez" sent spam message: "Morning firm she have policy quite."
INFO:root:2020-05-17 21:23:43.591225: Spam check: user "villanuevagina" sent spam message: "Item magazine her order continue business."
INFO:root:2020-05-17 21:23:43.622699: Spam check: user "jacksonabigail" sent spam message: "Same note last recent these economy."
INFO:root:2020-05-17 21:23:43.575585: Spam check: user "jacksonabigail" sent spam message: "Its hit physical away white already offer occur task assume possible."
INFO:root:2020-05-17 21:23:43.743624: Spam check: user "karenlindsey" sent spam message: "Firm energy above government someone plan young."
INFO:root:2020-05-17 21:23:43.874309: Spam check: user "tammycortez" sent spam message: "Another hair structure wall teacher myself letter business point."
INFO:root:2020-05-17 21:23:43.879559: Spam check: user "villanuevagina" sent spam message: "Relationship maybe environment week have hear lawyer interview design win Mrs."
INFO:root:2020-05-17 21:23:44.119295: Spam check: user "andrew34" sent spam message: "North tend someone letter wall same land hand hour."
INFO:root:2020-05-17 21:23:44.119872: Spam check: user "jacksonabigail" sent spam message: "Fund manager assume care above rest include stop no fine girl."
INFO:root:2020-05-17 21:23:44.208345: Spam check: user "villanuevagina" sent spam message: "See top prove owner forward north."
INFO:root:2020-05-17 21:23:44.448312: Spam check: user "andrew34" sent spam message: "Partner with finish hear prove wrong cultural may make music continue develop."
INFO:root:2020-05-17 21:23:44.554231: Spam check: user "karenlindsey" sent spam message: "Professor charge true total impact although total because allow."
INFO:root:2020-05-17 21:23:44.761990: Spam check: user "villanuevagina" sent spam message: "Dinner message or whom trial charge."
INFO:root:2020-05-17 21:23:44.934108: Spam check: user "jacksonabigail" sent spam message: "Staff into amount yourself view imagine account physical notice community."
INFO:root:2020-05-17 21:23:45.050028: Spam check: user "jacksonabigail" sent spam message: "Change fly officer find country executive arrive soon at tonight event month seat."
INFO:root:2020-05-17 21:23:45.288191: Spam check: user "karenlindsey" sent spam message: "Education read particular coach however catch argue race poor system down however in."
INFO:root:2020-05-17 21:23:45.459676: Spam check: user "tammycortez" sent spam message: "Herself Mr test Mr sound employee both seven speech."
INFO:root:2020-05-17 21:23:45.539446: Spam check: user "andrew34" sent spam message: "How become hour phone again culture know recent."
INFO:root:2020-05-17 21:23:45.576186: Spam check: user "karenlindsey" sent spam message: "Teacher such clear huge stop likely issue say account crime discussion hold such."
INFO:root:2020-05-17 21:23:45.799834: Spam check: user "jacksonabigail" sent spam message: "Social until bed wrong western section who human."
INFO:root:2020-05-17 21:23:45.836364: Spam check: user "karenlindsey" sent spam message: "Performance fear fire general standard least financial the little take laugh."
INFO:root:2020-05-17 21:23:45.950639: Spam check: user "andrew34" sent spam message: "Condition east last risk blood relationship last."
INFO:root:2020-05-17 21:23:46.185416: Spam check: user "tammycortez" sent spam message: "Necessary blue policy feeling law might throughout until create."
INFO:root:2020-05-17 21:23:46.242959: Spam check: user "andrew34" sent spam message: "Visit risk which down chance dog recently cup full trade person view onto."
INFO:root:2020-05-17 21:23:46.404252: Spam check: user "tammycortez" sent spam message: "Catch hard night nothing pretty operation put."
INFO:root:2020-05-17 21:23:46.440890: Spam check: user "jacksonabigail" sent spam message: "Stock she begin language paper board world box plan difficult crime."
INFO:root:2020-05-17 21:23:46.736132: Spam check: user "jacksonabigail" sent spam message: "Approach about ability scientist old president."
INFO:root:2020-05-17 21:23:46.746404: Spam check: user "jacksonabigail" sent spam message: "Hotel manager show painting worry picture heart account land long speak set doctor."
INFO:root:2020-05-17 21:23:46.908353: Spam check: user "tammycortez" sent spam message: "Fall bag no kitchen certainly option character box material stuff training blue."
INFO:root:2020-05-17 21:23:46.955483: Spam check: user "jacksonabigail" sent spam message: "Measure player heart level walk result debate candidate beyond challenge."
INFO:root:2020-05-17 21:23:47.273004: Spam check: user "jacksonabigail" sent spam message: "As present cup away type similar prevent military thus research before day voice measure."
INFO:root:2020-05-17 21:23:47.335260: Spam check: user "villanuevagina" sent spam message: "Year picture about debate direction may clearly."
INFO:root:2020-05-17 21:23:47.429326: Spam check: user "karenlindsey" sent spam message: "Present north news site high goal voice language somebody."
INFO:root:2020-05-17 21:23:47.600671: Spam check: user "andrew34" sent spam message: "Computer once cut cultural officer theory white skill safe either."
INFO:root:2020-05-17 21:23:47.668217: Spam check: user "tammycortez" sent spam message: "Enough technology budget ever recognize fish state century."
INFO:root:2020-05-17 21:23:47.746346: Spam check: user "villanuevagina" sent spam message: "Same man poor clear early let down."
INFO:root:2020-05-17 21:23:47.767429: Spam check: user "karenlindsey" sent spam message: "His beyond week by daughter fact personal audience must mean weight seem present."
INFO:root:2020-05-17 21:23:47.987169: Spam check: user "andrew34" sent spam message: "Fish new senior apply mention long her you."
INFO:root:2020-05-17 21:23:48.049923: Spam check: user "karenlindsey" sent spam message: "Husband hear training tree travel buy good parent else may."
INFO:root:2020-05-17 21:23:48.113373: Spam check: user "jacksonabigail" sent spam message: "Through cup cut either economy inside range know Mr matter."
INFO:root:2020-05-17 21:23:48.258950: Spam check: user "tammycortez" sent spam message: "Manage authority short current these to wait up doctor partner know seat."
INFO:root:2020-05-17 21:23:48.748225: Spam check: user "karenlindsey" sent spam message: "Book American total street behavior reality trip smile commercial executive."
INFO:root:2020-05-17 21:23:48.758587: Spam check: user "villanuevagina" sent spam message: "Strategy memory feeling his big response baby."
INFO:root:2020-05-17 21:23:48.826497: Spam check: user "villanuevagina" sent spam message: "See western store north same occur break become church resource figure."
INFO:root:2020-05-17 21:23:49.055022: Spam check: user "jacksonabigail" sent spam message: "Close media each behind evening moment."
INFO:root:2020-05-17 21:23:49.302938: Spam check: user "andrew34" sent spam message: "Perhaps task clear reduce maybe method six keep could price night indicate."
INFO:root:2020-05-17 21:23:49.292498: Spam check: user "jacksonabigail" sent spam message: "He story raise push matter when tough lot."
INFO:root:2020-05-17 21:23:49.437883: Spam check: user "villanuevagina" sent spam message: "Commercial project modern center draw kind different."
INFO:root:2020-05-17 21:23:49.637954: Spam check: user "karenlindsey" sent spam message: "Activity fast role institution modern its recognize."
INFO:root:2020-05-17 21:23:49.705676: Spam check: user "andrew34" sent spam message: "Theory outside investment close unit such network."
INFO:root:2020-05-17 21:23:49.934755: Spam check: user "villanuevagina" sent spam message: "Market front positive outside wonder summer full mention."
INFO:root:2020-05-17 21:23:49.934830: Spam check: user "andrew34" sent spam message: "Idea consumer general room smile between class environment."
INFO:root:2020-05-17 21:23:50.024664: Spam check: user "tammycortez" sent spam message: "Training power program notice sure yes whole despite health probably guess."
INFO:root:2020-05-17 21:23:50.178858: Spam check: user "jacksonabigail" sent spam message: "Different he design design eye follow story themselves bring herself produce wait despite."
INFO:root:2020-05-17 21:23:50.184574: Spam check: user "karenlindsey" sent spam message: "Probably value contain whom question pick probably authority."
INFO:root:2020-05-17 21:23:50.263991: Spam check: user "villanuevagina" sent spam message: "Glass move candidate create institution lawyer growth leader send."
INFO:root:2020-05-17 21:23:50.327823: Spam check: user "tammycortez" sent spam message: "Involve low moment arm despite page ready expect before early."
INFO:root:2020-05-17 21:23:50.421738: Spam check: user "karenlindsey" sent spam message: "Response third sign offer foreign relate."
INFO:root:2020-05-17 21:23:50.629261: Spam check: user "jacksonabigail" sent spam message: "Alone see religious get throw then staff send seem a I pretty."
INFO:root:2020-05-17 21:23:50.639654: Spam check: user "andrew34" sent spam message: "You look or customer attack teach cost."
INFO:root:2020-05-17 21:23:50.733242: Spam check: user "villanuevagina" sent spam message: "Figure use hand despite state degree probably."
INFO:root:2020-05-17 21:23:50.857965: Spam check: user "karenlindsey" sent spam message: "Beautiful measure pretty theory big and clearly affect fine past both sing."
INFO:root:2020-05-17 21:23:50.951493: Spam check: user "tammycortez" sent spam message: "Himself his between section no why under easy politics necessary low within offer."
INFO:root:2020-05-17 21:23:51.003472: Spam check: user "andrew34" sent spam message: "Natural rise site question season government recognize father southern."
INFO:root:2020-05-17 21:23:51.081367: Spam check: user "villanuevagina" sent spam message: "Democrat everything song coach exactly business one trial."
INFO:root:2020-05-17 21:23:51.123525: Spam check: user "karenlindsey" sent spam message: "Loss candidate manager century community chair."
INFO:root:2020-05-17 21:23:51.112967: Spam check: user "jacksonabigail" sent spam message: "Real morning remain business better officer practice wife east strong personal."
INFO:root:2020-05-17 21:23:51.268967: Spam check: user "villanuevagina" sent spam message: "Seat oil life during girl check quite them just effect science go."
INFO:root:2020-05-17 21:23:51.315727: Spam check: user "jacksonabigail" sent spam message: "Same investment mission pay support church TV make tough bring."
INFO:root:2020-05-17 21:23:51.461447: Spam check: user "andrew34" sent spam message: "Few station prepare former me ground nearly television son successful development."
INFO:root:2020-05-17 21:23:51.524071: Spam check: user "karenlindsey" sent spam message: "So building but machine important decade Mrs walk program."
INFO:root:2020-05-17 21:23:51.596757: Spam check: user "villanuevagina" sent spam message: "Should coach yeah increase stand source like."
INFO:root:2020-05-17 21:23:51.690478: Spam check: user "jacksonabigail" sent spam message: "Tax make key leg crime probably attorney."
INFO:root:2020-05-17 21:24:15.493377: Log out: Log out successful. "None" logged in

INFO:root:2020-05-17 21:25:25.753369: Registration: Registration successful. "test1" registered

INFO:root:2020-05-17 21:25:36.597185: Log in: Log in successful. "test1" logged in

INFO:root:2020-05-17 21:25:48.745661: Log out: Log out successful. "test1" logged in

INFO:root:2020-05-17 21:26:28.147049: Log in: Log in failure. "sdfasdf" does not exist

INFO:root:2020-05-17 21:27:30.786999: Log in: Log in failure. "fgfsdf" does not exist

INFO:root:2020-05-17 21:27:59.141129: Log in: Log in failure. "sfdsefg" does not exist

